Test Name: testHomePage
Time Taken: 1730199129 seconds
Status: PASSED
-----------------------------------------
Test Name: testBusiness
Time Taken: 1730199132 seconds
Status: PASSED
-----------------------------------------
Test Name: testWebStory
Time Taken: 1730199135 seconds
Status: PASSED
-----------------------------------------
Test Name: testCountry
Time Taken: 1730199139 seconds
Status: PASSED
-----------------------------------------
Test Name: testState
Time Taken: 1730199143 seconds
Status: PASSED
-----------------------------------------
Test Name: testNotifications
Time Taken: 1730199145 seconds
Status: PASSED
-----------------------------------------
Test Name: testAutomateLiveTv
Time Taken: 1730199148 seconds
Status: PASSED
-----------------------------------------
Test Name: testElections2024
Time Taken: 1730199151 seconds
Status: PASSED
-----------------------------------------
Test Name: testHindiLanguage
Time Taken: 1730199168 seconds
Status: PASSED
-----------------------------------------
Test Name: testTechnology
Time Taken: 1730199173 seconds
Status: PASSED
-----------------------------------------
Test Name: testWorld
Time Taken: 1730199176 seconds
Status: PASSED
-----------------------------------------
Test Name: testReligion
Time Taken: 1730199179 seconds
Status: PASSED
-----------------------------------------
Test Name: testActiveVideo
Time Taken: 1730199181 seconds
Status: PASSED
-----------------------------------------
Test Name: testEducation
Time Taken: 1730199184 seconds
Status: PASSED
-----------------------------------------
Test Name: testHamburgerMenu
Time Taken: 1730199185 seconds
Status: PASSED
-----------------------------------------
Test Name: testCloseHamburgerMenu
Time Taken: 1730199203 seconds
Status: PASSED
-----------------------------------------
Test Name: testHealth
Time Taken: 1730199207 seconds
Status: PASSED
-----------------------------------------
Test Name: testKnowledge
Time Taken: 1730199210 seconds
Status: PASSED
-----------------------------------------
Test Name: testSports
Time Taken: 1730199216 seconds
Status: PASSED
-----------------------------------------
Test Name: testSportsLogo
Time Taken: 1730199233 seconds
Status: PASSED
-----------------------------------------
Test Name: testHomePage
Time Taken: 1730279797 seconds
Status: PASSED
-----------------------------------------
Test Name: testBusiness
Time Taken: 1730279801 seconds
Status: PASSED
-----------------------------------------
Test Name: testWebStory
Time Taken: 1730279803 seconds
Status: PASSED
-----------------------------------------
Test Name: testCountry
Time Taken: 1730279806 seconds
Status: PASSED
-----------------------------------------
Test Name: testState
Time Taken: 1730279808 seconds
Status: PASSED
-----------------------------------------
Test Name: testNotifications
Time Taken: 1730279811 seconds
Status: PASSED
-----------------------------------------
Test Name: testAutomateLiveTv
Time Taken: 1730279817 seconds
Status: PASSED
-----------------------------------------
Test Name: testElections2024
Time Taken: 1730279821 seconds
Status: PASSED
-----------------------------------------
Test Name: testHindiLanguage
Time Taken: 1730279838 seconds
Status: PASSED
-----------------------------------------
Test Name: testTechnology
Time Taken: 1730279842 seconds
Status: PASSED
-----------------------------------------
Test Name: testWorld
Time Taken: 1730279845 seconds
Status: PASSED
-----------------------------------------
Test Name: testReligion
Time Taken: 1730279848 seconds
Status: PASSED
-----------------------------------------
Test Name: testActiveVideo
Time Taken: 1730279853 seconds
Status: PASSED
-----------------------------------------
Test Name: testEducation
Time Taken: 1730279856 seconds
Status: PASSED
-----------------------------------------
Test Name: testHamburgerMenu
Time Taken: 1730279858 seconds
Status: PASSED
-----------------------------------------
Test Name: testCloseHamburgerMenu
Time Taken: 1730279875 seconds
Status: PASSED
-----------------------------------------
Test Name: testHealth
Time Taken: 1730279878 seconds
Status: PASSED
-----------------------------------------
Test Name: testKnowledge
Time Taken: 1730279881 seconds
Status: PASSED
-----------------------------------------
Test Name: testSports
Time Taken: 1730279885 seconds
Status: PASSED
-----------------------------------------
Test Name: testSportsLogo
Time Taken: 1730279902 seconds
Status: PASSED
-----------------------------------------
Test Name: testCoreWebVitals
Time Taken: 1730279933 seconds
Status: FAILED
-----------------------------------------
Test Name: testHomePage
Time Taken: 1730280101 seconds
Status: PASSED
-----------------------------------------
Test Name: testBusiness
Time Taken: 1730280106 seconds
Status: PASSED
-----------------------------------------
Test Name: testWebStory
Time Taken: 1730280109 seconds
Status: PASSED
-----------------------------------------
Test Name: testCountry
Time Taken: 1730280112 seconds
Status: PASSED
-----------------------------------------
Test Name: testState
Time Taken: 1730280115 seconds
Status: PASSED
-----------------------------------------
Test Name: testNotifications
Time Taken: 1730280117 seconds
Status: PASSED
-----------------------------------------
Test Name: testAutomateLiveTv
Time Taken: 1730280123 seconds
Status: PASSED
-----------------------------------------
Test Name: testElections2024
Time Taken: 1730280125 seconds
Status: PASSED
-----------------------------------------
Test Name: testHindiLanguage
Time Taken: 1730280143 seconds
Status: PASSED
-----------------------------------------
Test Name: testTechnology
Time Taken: 1730280146 seconds
Status: PASSED
-----------------------------------------
Test Name: testCoreWebVitals
Time Taken: 1730280177 seconds
Status: FAILED
-----------------------------------------
Test Name: testReligion
Time Taken: 1730280182 seconds
Status: PASSED
-----------------------------------------
Test Name: testActiveVideo
Time Taken: 1730280185 seconds
Status: PASSED
-----------------------------------------
Test Name: testEducation
Time Taken: 1730280188 seconds
Status: PASSED
-----------------------------------------
Test Name: testHamburgerMenu
Time Taken: 1730280189 seconds
Status: PASSED
-----------------------------------------
Test Name: testCloseHamburgerMenu
Time Taken: 1730280206 seconds
Status: PASSED
-----------------------------------------
Test Name: testHealth
Time Taken: 1730280210 seconds
Status: PASSED
-----------------------------------------
Test Name: testKnowledge
Time Taken: 1730280213 seconds
Status: PASSED
-----------------------------------------
Test Name: testSports
Time Taken: 1730280216 seconds
Status: PASSED
-----------------------------------------
Test Name: testSportsLogo
Time Taken: 1730280233 seconds
Status: PASSED
-----------------------------------------
Test Name: testWorld
Time Taken: 1730280238 seconds
Status: PASSED
-----------------------------------------
Test Name: testCoreWebVitals
Time Taken: 1730281623 seconds
Status: FAILED
-----------------------------------------
Test Name: testHomePage
Time Taken: 1730281625 seconds
Status: PASSED
-----------------------------------------
Test Name: testWebStory
Time Taken: 1730281628 seconds
Status: PASSED
-----------------------------------------
Test Name: testState
Time Taken: 1730281631 seconds
Status: PASSED
-----------------------------------------
Test Name: testNotifications
Time Taken: 1730281633 seconds
Status: PASSED
-----------------------------------------
Test Name: testCountry
Time Taken: 1730281636 seconds
Status: PASSED
-----------------------------------------
Test Name: testAutomateLiveTv
Time Taken: 1730281641 seconds
Status: PASSED
-----------------------------------------
Test Name: testElections2024
Time Taken: 1730281645 seconds
Status: PASSED
-----------------------------------------
Test Name: testHindiLanguage
Time Taken: 1730281662 seconds
Status: PASSED
-----------------------------------------
Test Name: testReligion
Time Taken: 1730281667 seconds
Status: PASSED
-----------------------------------------
Test Name: testTechnology
Time Taken: 1730281671 seconds
Status: PASSED
-----------------------------------------
Test Name: testActiveVideo
Time Taken: 1730281674 seconds
Status: PASSED
-----------------------------------------
Test Name: testEducation
Time Taken: 1730281679 seconds
Status: PASSED
-----------------------------------------
Test Name: testHamburgerMenu
Time Taken: 1730281681 seconds
Status: PASSED
-----------------------------------------
Test Name: testCloseHamburgerMenu
Time Taken: 1730281699 seconds
Status: PASSED
-----------------------------------------
Test Name: testHealth
Time Taken: 1730281702 seconds
Status: PASSED
-----------------------------------------
Test Name: testKnowledge
Time Taken: 1730281704 seconds
Status: PASSED
-----------------------------------------
Test Name: testSports
Time Taken: 1730281709 seconds
Status: PASSED
-----------------------------------------
Test Name: testSportsLogo
Time Taken: 1730281726 seconds
Status: PASSED
-----------------------------------------
Test Name: testBusiness
Time Taken: 1730281729 seconds
Status: PASSED
-----------------------------------------
Test Name: testWorld
Time Taken: 1730281732 seconds
Status: PASSED
-----------------------------------------
Test Name: testCoreWebVitals
Time Taken: 1730712474 seconds
Status: FAILED
-----------------------------------------
Test Name: testHomePage
Time Taken: 1730712476 seconds
Status: PASSED
-----------------------------------------
Test Name: testWebStory
Time Taken: 1730712483 seconds
Status: PASSED
-----------------------------------------
Test Name: testState
Time Taken: 1730712490 seconds
Status: PASSED
-----------------------------------------
Test Name: testNotifications
Time Taken: 1730712493 seconds
Status: PASSED
-----------------------------------------
Test Name: testCountry
Time Taken: 1730712499 seconds
Status: PASSED
-----------------------------------------
Test Name: testAutomateLiveTv
Time Taken: 1730712506 seconds
Status: PASSED
-----------------------------------------
Test Name: testElections2024
Time Taken: 1730712513 seconds
Status: PASSED
-----------------------------------------
Test Name: testHindiLanguage
Time Taken: 1730712527 seconds
Status: PASSED
-----------------------------------------
Test Name: testReligion
Time Taken: 1730712531 seconds
Status: PASSED
-----------------------------------------
Test Name: testTechnology
Time Taken: 1730712538 seconds
Status: PASSED
-----------------------------------------
Test Name: testActiveVideo
Time Taken: 1730712543 seconds
Status: PASSED
-----------------------------------------
Test Name: testEducation
Time Taken: 1730712548 seconds
Status: PASSED
-----------------------------------------
Test Name: testHamburgerMenu
Time Taken: 1730712551 seconds
Status: PASSED
-----------------------------------------
Test Name: testCloseHamburgerMenu
Time Taken: 1730712565 seconds
Status: PASSED
-----------------------------------------
Test Name: testHealth
Time Taken: 1730712571 seconds
Status: PASSED
-----------------------------------------
Test Name: testKnowledge
Time Taken: 1730712575 seconds
Status: PASSED
-----------------------------------------
Test Name: testSports
Time Taken: 1730712582 seconds
Status: PASSED
-----------------------------------------
Test Name: testSportsLogo
Time Taken: 1730712595 seconds
Status: PASSED
-----------------------------------------
Test Name: testBusiness
Time Taken: 1730712599 seconds
Status: PASSED
-----------------------------------------
Test Name: testWorld
Time Taken: 1730712604 seconds
Status: PASSED
-----------------------------------------
Test Name: testIsPageUsingHttps
Time Taken: 1730712606 seconds
Status: PASSED
-----------------------------------------
Test Name: testCoreWebVitals
Time Taken: 1730725954 seconds
Status: FAILED
-----------------------------------------
Test Name: testHomePage
Time Taken: 1730725957 seconds
Status: PASSED
-----------------------------------------
Test Name: testWebStory
Time Taken: 1730725962 seconds
Status: PASSED
-----------------------------------------
Test Name: testState
Time Taken: 1730725969 seconds
Status: PASSED
-----------------------------------------
Test Name: testNotifications
Time Taken: 1730725972 seconds
Status: PASSED
-----------------------------------------
Test Name: testCoreWebVitals
Time Taken: 1730725976 seconds
Status: FAILED
-----------------------------------------
Test Name: testCountry
Time Taken: 1730725981 seconds
Status: PASSED
-----------------------------------------
Test Name: testHomePage
Time Taken: 1730725988 seconds
Status: PASSED
-----------------------------------------
Test Name: testAutomateLiveTv
Time Taken: 1730725990 seconds
Status: PASSED
-----------------------------------------
Test Name: testElections2024
Time Taken: 1730725998 seconds
Status: PASSED
-----------------------------------------
Test Name: testWebStory
Time Taken: 1730726005 seconds
Status: PASSED
-----------------------------------------
Test Name: testHindiLanguage
Time Taken: 1730726012 seconds
Status: PASSED
-----------------------------------------
Test Name: testReligion
Time Taken: 1730726018 seconds
Status: PASSED
-----------------------------------------
Test Name: testState
Time Taken: 1730726021 seconds
Status: PASSED
-----------------------------------------
Test Name: testTechnology
Time Taken: 1730726024 seconds
Status: PASSED
-----------------------------------------
Test Name: testActiveVideo
Time Taken: 1730726033 seconds
Status: PASSED
-----------------------------------------
Test Name: testNotifications
Time Taken: 1730726035 seconds
Status: PASSED
-----------------------------------------
Test Name: testEducation
Time Taken: 1730726041 seconds
Status: PASSED
-----------------------------------------
Test Name: testHamburgerMenu
Time Taken: 1730726045 seconds
Status: PASSED
-----------------------------------------
Test Name: testCountry
Time Taken: 1730726047 seconds
Status: PASSED
-----------------------------------------
Test Name: testCloseHamburgerMenu
Time Taken: 1730726059 seconds
Status: PASSED
-----------------------------------------
Test Name: testAutomateLiveTv
Time Taken: 1730726064 seconds
Status: PASSED
-----------------------------------------
Test Name: testHealth
Time Taken: 1730726065 seconds
Status: PASSED
-----------------------------------------
Test Name: testKnowledge
Time Taken: 1730726072 seconds
Status: PASSED
-----------------------------------------
Test Name: testElections2024
Time Taken: 1730726074 seconds
Status: PASSED
-----------------------------------------
Test Name: testSports
Time Taken: 1730726079 seconds
Status: PASSED
-----------------------------------------
Test Name: testSportsLogo
Time Taken: 1730726092 seconds
Status: PASSED
-----------------------------------------
Test Name: testHindiLanguage
Time Taken: 1730726096 seconds
Status: PASSED
-----------------------------------------
Test Name: testBusiness
Time Taken: 1730726098 seconds
Status: PASSED
-----------------------------------------
Test Name: testReligion
Time Taken: 1730726106 seconds
Status: PASSED
-----------------------------------------
Test Name: testWorld
Time Taken: 1730726107 seconds
Status: PASSED
-----------------------------------------
Test Name: testIsPageUsingHttps
Time Taken: 1730726111 seconds
Status: PASSED
-----------------------------------------
Test Name: testTechnology
Time Taken: 1730726115 seconds
Status: PASSED
-----------------------------------------
Test Name: testActiveVideo
Time Taken: 1730726120 seconds
Status: PASSED
-----------------------------------------
Test Name: testEducation
Time Taken: 1730726125 seconds
Status: PASSED
-----------------------------------------
Test Name: testHamburgerMenu
Time Taken: 1730726128 seconds
Status: PASSED
-----------------------------------------
Test Name: testCloseHamburgerMenu
Time Taken: 1730726141 seconds
Status: PASSED
-----------------------------------------
Test Name: testHealth
Time Taken: 1730726146 seconds
Status: PASSED
-----------------------------------------
Test Name: testKnowledge
Time Taken: 1730726155 seconds
Status: PASSED
-----------------------------------------
Test Name: testSports
Time Taken: 1730726162 seconds
Status: PASSED
-----------------------------------------
Test Name: testSportsLogo
Time Taken: 1730726173 seconds
Status: PASSED
-----------------------------------------
Test Name: testBusiness
Time Taken: 1730726178 seconds
Status: PASSED
-----------------------------------------
Test Name: testWorld
Time Taken: 1730726183 seconds
Status: PASSED
-----------------------------------------
Test Name: testIsPageUsingHttps
Time Taken: 1730726187 seconds
Status: PASSED
-----------------------------------------
Test Name: testCoreWebVitals
Time Taken: 1730787197 seconds
Status: FAILED
-----------------------------------------
Test Name: testHomePage
Time Taken: 1730787199 seconds
Status: PASSED
-----------------------------------------
Test Name: testWebStory
Time Taken: 1730787201 seconds
Status: PASSED
-----------------------------------------
Test Name: testState
Time Taken: 1730787207 seconds
Status: PASSED
-----------------------------------------
Test Name: testNotifications
Time Taken: 1730787209 seconds
Status: PASSED
-----------------------------------------
Test Name: testCountry
Time Taken: 1730787211 seconds
Status: PASSED
-----------------------------------------
Test Name: testAutomateLiveTv
Time Taken: 1730787214 seconds
Status: PASSED
-----------------------------------------
Test Name: testElections2024
Time Taken: 1730787217 seconds
Status: PASSED
-----------------------------------------
Test Name: testHindiLanguage
Time Taken: 1730787229 seconds
Status: PASSED
-----------------------------------------
Test Name: testReligion
Time Taken: 1730787231 seconds
Status: PASSED
-----------------------------------------
Test Name: testTechnology
Time Taken: 1730787234 seconds
Status: PASSED
-----------------------------------------
Test Name: testActiveVideo
Time Taken: 1730787237 seconds
Status: PASSED
-----------------------------------------
Test Name: testEducation
Time Taken: 1730787239 seconds
Status: PASSED
-----------------------------------------
Test Name: testHamburgerMenu
Time Taken: 1730787241 seconds
Status: PASSED
-----------------------------------------
Test Name: testCloseHamburgerMenu
Time Taken: 1730787254 seconds
Status: PASSED
-----------------------------------------
Test Name: testHealth
Time Taken: 1730787257 seconds
Status: PASSED
-----------------------------------------
Test Name: testKnowledge
Time Taken: 1730787259 seconds
Status: PASSED
-----------------------------------------
Test Name: testSports
Time Taken: 1730787262 seconds
Status: PASSED
-----------------------------------------
Test Name: testSportsLogo
Time Taken: 1730787274 seconds
Status: PASSED
-----------------------------------------
Test Name: testBusiness
Time Taken: 1730787276 seconds
Status: PASSED
-----------------------------------------
Test Name: testWorld
Time Taken: 1730787278 seconds
Status: PASSED
-----------------------------------------
Test Name: testIsPageUsingHttps
Time Taken: 1730787279 seconds
Status: PASSED
-----------------------------------------
Test Name: testCoreWebVitals
Time Taken: 1731299235 seconds
Status: FAILED
-----------------------------------------
Test Name: testElectionHomePage
Time Taken: 1731299237 seconds
Status: PASSED
-----------------------------------------
Test Name: testElections2024
Time Taken: 1731299239 seconds
Status: PASSED
-----------------------------------------
Test Name: testAssemblyElections
Time Taken: 1731299243 seconds
Status: PASSED
-----------------------------------------
Test Name: testMaharashtra
Time Taken: 1731299246 seconds
Status: PASSED
-----------------------------------------
Test Name: testJharkhand
Time Taken: 1731299258 seconds
Status: PASSED
-----------------------------------------
Test Name: testElectionConstituencies
Time Taken: 1731299261 seconds
Status: PASSED
-----------------------------------------
Test Name: testElelctionCandidates
Time Taken: 1731299264 seconds
Status: PASSED
-----------------------------------------
Test Name: testElectionSchedule
Time Taken: 1731299267 seconds
Status: PASSED
-----------------------------------------
Test Name: testLoksabhaElections
Time Taken: 1731299271 seconds
Status: PASSED
-----------------------------------------
Test Name: testElectionParty
Time Taken: 1731299275 seconds
Status: PASSED
-----------------------------------------
Test Name: testCoreWebVitals
Time Taken: 1731300029 seconds
Status: FAILED
-----------------------------------------
Test Name: testCoreWebVitals
Time Taken: 1731301388 seconds
Status: FAILED
-----------------------------------------
Test Name: testCoreWebVitals
Time Taken: 1731301420 seconds
Status: FAILED
-----------------------------------------
Test Name: testCoreWebVitals
Time Taken: 1731301453 seconds
Status: FAILED
-----------------------------------------
Test Name: testElectionHomePage
Time Taken: 1731301454 seconds
Status: PASSED
-----------------------------------------
Test Name: testElections2024
Time Taken: 1731301458 seconds
Status: PASSED
-----------------------------------------
Test Name: testAssemblyElections
Time Taken: 1731301461 seconds
Status: PASSED
-----------------------------------------
Test Name: testMaharashtra
Time Taken: 1731301465 seconds
Status: PASSED
-----------------------------------------
Test Name: testJharkhand
Time Taken: 1731301477 seconds
Status: PASSED
-----------------------------------------
Test Name: testElectionConstituencies
Time Taken: 1731301480 seconds
Status: PASSED
-----------------------------------------
Test Name: testElelctionCandidates
Time Taken: 1731301484 seconds
Status: PASSED
-----------------------------------------
Test Name: testElectionSchedule
Time Taken: 1731301486 seconds
Status: PASSED
-----------------------------------------
Test Name: testLoksabhaElections
Time Taken: 1731301489 seconds
Status: PASSED
-----------------------------------------
Test Name: testElectionParty
Time Taken: 1731301494 seconds
Status: PASSED
-----------------------------------------
Test Name: testCoreWebVitals
Time Taken: 1731301757 seconds
Status: PASSED
-----------------------------------------
Test Name: testCoreWebVitals
Time Taken: 1731390779 seconds
Status: FAILED
-----------------------------------------
Test Name: testHomePage
Time Taken: 1731390780 seconds
Status: PASSED
-----------------------------------------
Test Name: testWebStory
Time Taken: 1731390782 seconds
Status: PASSED
-----------------------------------------
Test Name: testState
Time Taken: 1731390786 seconds
Status: PASSED
-----------------------------------------
Test Name: testNotifications
Time Taken: 1731390787 seconds
Status: PASSED
-----------------------------------------
Test Name: testCountry
Time Taken: 1731390789 seconds
Status: PASSED
-----------------------------------------
Test Name: testAutomateLiveTv
Time Taken: 1731390794 seconds
Status: PASSED
-----------------------------------------
Test Name: testElections2024
Time Taken: 1731390799 seconds
Status: PASSED
-----------------------------------------
Test Name: testHindiLanguage
Time Taken: 1731390810 seconds
Status: PASSED
-----------------------------------------
Test Name: testReligion
Time Taken: 1731390812 seconds
Status: PASSED
-----------------------------------------
Test Name: testTechnology
Time Taken: 1731390814 seconds
Status: PASSED
-----------------------------------------
Test Name: testActiveVideo
Time Taken: 1731390817 seconds
Status: PASSED
-----------------------------------------
Test Name: testEducation
Time Taken: 1731390819 seconds
Status: PASSED
-----------------------------------------
Test Name: testHamburgerMenu
Time Taken: 1731390821 seconds
Status: PASSED
-----------------------------------------
Test Name: testCloseHamburgerMenu
Time Taken: 1731390833 seconds
Status: PASSED
-----------------------------------------
Test Name: testHealth
Time Taken: 1731390834 seconds
Status: PASSED
-----------------------------------------
Test Name: testKnowledge
Time Taken: 1731390836 seconds
Status: PASSED
-----------------------------------------
Test Name: testSports
Time Taken: 1731390842 seconds
Status: PASSED
-----------------------------------------
Test Name: testSportsLogo
Time Taken: 1731390857 seconds
Status: PASSED
-----------------------------------------
Test Name: testBusiness
Time Taken: 1731390860 seconds
Status: PASSED
-----------------------------------------
Test Name: testWorld
Time Taken: 1731390862 seconds
Status: PASSED
-----------------------------------------
Test Name: testIsPageUsingHttps
Time Taken: 1731390862 seconds
Status: PASSED
-----------------------------------------
Test Name: testViewMore
Time Taken: 1731399899 seconds
Status: PASSED
-----------------------------------------
Test Name: testCoreWebVitals
Time Taken: 1731400194 seconds
Status: FAILED
-----------------------------------------
Test Name: testHomePage
Time Taken: 1731400197 seconds
Status: PASSED
-----------------------------------------
Test Name: testWebStory
Time Taken: 1731400202 seconds
Status: PASSED
-----------------------------------------
Test Name: testState
Time Taken: 1731400208 seconds
Status: PASSED
-----------------------------------------
Test Name: testNotifications
Time Taken: 1731400210 seconds
Status: PASSED
-----------------------------------------
Test Name: testCountry
Time Taken: 1731400214 seconds
Status: PASSED
-----------------------------------------
Test Name: testAutomateLiveTv
Time Taken: 1731400217 seconds
Status: PASSED
-----------------------------------------
Test Name: testElections2024
Time Taken: 1731400223 seconds
Status: PASSED
-----------------------------------------
Test Name: testHindiLanguage
Time Taken: 1731400235 seconds
Status: PASSED
-----------------------------------------
Test Name: testReligion
Time Taken: 1731400238 seconds
Status: PASSED
-----------------------------------------
Test Name: testTechnology
Time Taken: 1731400241 seconds
Status: PASSED
-----------------------------------------
Test Name: testActiveVideo
Time Taken: 1731400244 seconds
Status: PASSED
-----------------------------------------
Test Name: testEducation
Time Taken: 1731400247 seconds
Status: PASSED
-----------------------------------------
Test Name: testHamburgerMenu
Time Taken: 1731400249 seconds
Status: PASSED
-----------------------------------------
Test Name: testCloseHamburgerMenu
Time Taken: 1731400261 seconds
Status: PASSED
-----------------------------------------
Test Name: testHealth
Time Taken: 1731400265 seconds
Status: PASSED
-----------------------------------------
Test Name: testKnowledge
Time Taken: 1731400268 seconds
Status: PASSED
-----------------------------------------
Test Name: testSports
Time Taken: 1731400272 seconds
Status: PASSED
-----------------------------------------
Test Name: testSportsLogo
Time Taken: 1731400283 seconds
Status: PASSED
-----------------------------------------
Test Name: testBusiness
Time Taken: 1731400286 seconds
Status: PASSED
-----------------------------------------
Test Name: testWorld
Time Taken: 1731400289 seconds
Status: PASSED
-----------------------------------------
Test Name: testIsPageUsingHttps
Time Taken: 1731400291 seconds
Status: PASSED
-----------------------------------------
Test Name: testViewMore
Time Taken: 1731400294 seconds
Status: PASSED
-----------------------------------------
Test Name: testElectionHomePage
Time Taken: 1731402883 seconds
Status: PASSED
-----------------------------------------
Test Name: testViewMore
Time Taken: 1731402887 seconds
Status: PASSED
-----------------------------------------
Test Name: testCoreWebVitals
Time Taken: 1731404763 seconds
Status: PASSED
-----------------------------------------
Test Name: testElectionHomePage
Time Taken: 1731404766 seconds
Status: PASSED
-----------------------------------------
Test Name: testElections2024
Time Taken: 1731404769 seconds
Status: PASSED
-----------------------------------------
Test Name: testAssemblyElections
Time Taken: 1731404775 seconds
Status: PASSED
-----------------------------------------
Test Name: testMaharashtra
Time Taken: 1731404778 seconds
Status: PASSED
-----------------------------------------
Test Name: testJharkhand
Time Taken: 1731404791 seconds
Status: PASSED
-----------------------------------------
Test Name: testElectionConstituencies
Time Taken: 1731404796 seconds
Status: PASSED
-----------------------------------------
Test Name: testElelctionCandidates
Time Taken: 1731404801 seconds
Status: PASSED
-----------------------------------------
Test Name: testElectionSchedule
Time Taken: 1731404807 seconds
Status: PASSED
-----------------------------------------
Test Name: testLoksabhaElections
Time Taken: 1731404816 seconds
Status: PASSED
-----------------------------------------
Test Name: testElectionParty
Time Taken: 1731404821 seconds
Status: PASSED
-----------------------------------------
Test Name: testViewMore
Time Taken: 1731404826 seconds
Status: PASSED
-----------------------------------------
Test Name: testLoadMore
Time Taken: 1731404838 seconds
Status: FAILED
-----------------------------------------
Test Name: testElectionHomePage
Time Taken: 1731406059 seconds
Status: PASSED
-----------------------------------------
Test Name: testMaharashtra
Time Taken: 1731406066 seconds
Status: PASSED
-----------------------------------------
Test Name: testLoadMore
Time Taken: 1731406078 seconds
Status: FAILED
-----------------------------------------
Test Name: testElectionHomePage
Time Taken: 1731406284 seconds
Status: PASSED
-----------------------------------------
Test Name: testMaharashtra
Time Taken: 1731406288 seconds
Status: PASSED
-----------------------------------------
Test Name: testLoadMore
Time Taken: 1731406301 seconds
Status: FAILED
-----------------------------------------
Test Name: testElectionHomePage
Time Taken: 1731406430 seconds
Status: PASSED
-----------------------------------------
Test Name: testMaharashtra
Time Taken: 1731406437 seconds
Status: PASSED
-----------------------------------------
Test Name: testLoadMore
Time Taken: 1731406456 seconds
Status: FAILED
-----------------------------------------
Test Name: testElectionHomePage
Time Taken: 1731407146 seconds
Status: PASSED
-----------------------------------------
Test Name: testMaharashtra
Time Taken: 1731407151 seconds
Status: PASSED
-----------------------------------------
Test Name: testLoadMore
Time Taken: 1731407152 seconds
Status: FAILED
-----------------------------------------
Test Name: testElectionHomePage
Time Taken: 1731407878 seconds
Status: PASSED
-----------------------------------------
Test Name: testMaharashtra
Time Taken: 1731407884 seconds
Status: PASSED
-----------------------------------------
Test Name: testLoadMore
Time Taken: 1731407887 seconds
Status: FAILED
-----------------------------------------
Test Name: testElectionHomePage
Time Taken: 1731407946 seconds
Status: PASSED
-----------------------------------------
Test Name: testLoadMore
Time Taken: 1731407949 seconds
Status: FAILED
-----------------------------------------
Test Name: testElectionHomePage
Time Taken: 1731408380 seconds
Status: PASSED
-----------------------------------------
Test Name: testLoadMore
Time Taken: 1731408394 seconds
Status: FAILED
-----------------------------------------
Test Name: testElectionHomePage
Time Taken: 1731408683 seconds
Status: PASSED
-----------------------------------------
Test Name: testViewMore
Time Taken: 1731408689 seconds
Status: PASSED
-----------------------------------------
Test Name: testCoreWebVitals
Time Taken: 1731578044 seconds
Status: FAILED
-----------------------------------------
Test Name: testHomePage
Time Taken: 1731578047 seconds
Status: PASSED
-----------------------------------------
Test Name: testWebStory
Time Taken: 1731578053 seconds
Status: PASSED
-----------------------------------------
Test Name: testState
Time Taken: 1731578058 seconds
Status: PASSED
-----------------------------------------
Test Name: testNotifications
Time Taken: 1731578060 seconds
Status: PASSED
-----------------------------------------
Test Name: testCountry
Time Taken: 1731578066 seconds
Status: PASSED
-----------------------------------------
Test Name: testAutomateLiveTv
Time Taken: 1731578071 seconds
Status: PASSED
-----------------------------------------
Test Name: testElections2024
Time Taken: 1731578077 seconds
Status: PASSED
-----------------------------------------
Test Name: testHindiLanguage
Time Taken: 1731578090 seconds
Status: PASSED
-----------------------------------------
Test Name: testReligion
Time Taken: 1731578095 seconds
Status: PASSED
-----------------------------------------
Test Name: testTechnology
Time Taken: 1731578102 seconds
Status: PASSED
-----------------------------------------
Test Name: testActiveVideo
Time Taken: 1731578107 seconds
Status: PASSED
-----------------------------------------
Test Name: testEducation
Time Taken: 1731578112 seconds
Status: PASSED
-----------------------------------------
Test Name: testHamburgerMenu
Time Taken: 1731578115 seconds
Status: PASSED
-----------------------------------------
Test Name: testCloseHamburgerMenu
Time Taken: 1731578128 seconds
Status: PASSED
-----------------------------------------
Test Name: testHealth
Time Taken: 1731578140 seconds
Status: PASSED
-----------------------------------------
Test Name: testKnowledge
Time Taken: 1731578144 seconds
Status: PASSED
-----------------------------------------
Test Name: testSports
Time Taken: 1731578150 seconds
Status: PASSED
-----------------------------------------
Test Name: testSportsLogo
Time Taken: 1731578164 seconds
Status: PASSED
-----------------------------------------
Test Name: testBusiness
Time Taken: 1731578170 seconds
Status: PASSED
-----------------------------------------
Test Name: testWorld
Time Taken: 1731578174 seconds
Status: PASSED
-----------------------------------------
Test Name: testIsPageUsingHttps
Time Taken: 1731578176 seconds
Status: PASSED
-----------------------------------------
Test Name: testViewMore
Time Taken: 1731578186 seconds
Status: PASSED
-----------------------------------------
Test Name: testCoreWebVitals
Time Taken: 1731586064 seconds
Status: FAILED
-----------------------------------------
Test Name: testHomePage
Time Taken: 1731586066 seconds
Status: PASSED
-----------------------------------------
Test Name: testWebStory
Time Taken: 1731586071 seconds
Status: PASSED
-----------------------------------------
Test Name: testState
Time Taken: 1731586074 seconds
Status: PASSED
-----------------------------------------
Test Name: testNotifications
Time Taken: 1731586075 seconds
Status: PASSED
-----------------------------------------
Test Name: testCountry
Time Taken: 1731586077 seconds
Status: PASSED
-----------------------------------------
Test Name: testAutomateLiveTv
Time Taken: 1731586082 seconds
Status: PASSED
-----------------------------------------
Test Name: testElections2024
Time Taken: 1731586085 seconds
Status: PASSED
-----------------------------------------
Test Name: testHindiLanguage
Time Taken: 1731586097 seconds
Status: PASSED
-----------------------------------------
Test Name: testReligion
Time Taken: 1731586099 seconds
Status: PASSED
-----------------------------------------
Test Name: testTechnology
Time Taken: 1731586104 seconds
Status: PASSED
-----------------------------------------
Test Name: testActiveVideo
Time Taken: 1731586107 seconds
Status: PASSED
-----------------------------------------
Test Name: testEducation
Time Taken: 1731586112 seconds
Status: PASSED
-----------------------------------------
Test Name: testHamburgerMenu
Time Taken: 1731586115 seconds
Status: PASSED
-----------------------------------------
Test Name: testCloseHamburgerMenu
Time Taken: 1731586127 seconds
Status: PASSED
-----------------------------------------
Test Name: testHealth
Time Taken: 1731586130 seconds
Status: PASSED
-----------------------------------------
Test Name: testKnowledge
Time Taken: 1731586133 seconds
Status: PASSED
-----------------------------------------
Test Name: testSports
Time Taken: 1731586136 seconds
Status: PASSED
-----------------------------------------
Test Name: testSportsLogo
Time Taken: 1731586148 seconds
Status: PASSED
-----------------------------------------
Test Name: testBusiness
Time Taken: 1731586150 seconds
Status: PASSED
-----------------------------------------
Test Name: testWorld
Time Taken: 1731586153 seconds
Status: PASSED
-----------------------------------------
Test Name: testIsPageUsingHttps
Time Taken: 1731586154 seconds
Status: PASSED
-----------------------------------------
Test Name: testViewMore
Time Taken: 1731586157 seconds
Status: PASSED
-----------------------------------------
Test Name: testCoreWebVitals
Time Taken: 1731928026 seconds
Status: FAILED
-----------------------------------------
Test Name: testHomePage
Time Taken: 1731928028 seconds
Status: PASSED
-----------------------------------------
Test Name: testWebStory
Time Taken: 1731928031 seconds
Status: PASSED
-----------------------------------------
Test Name: testState
Time Taken: 1731928033 seconds
Status: PASSED
-----------------------------------------
Test Name: testNotifications
Time Taken: 1731928034 seconds
Status: PASSED
-----------------------------------------
Test Name: testCountry
Time Taken: 1731928038 seconds
Status: PASSED
-----------------------------------------
Test Name: testAutomateLiveTv
Time Taken: 1731928046 seconds
Status: PASSED
-----------------------------------------
Test Name: testElections2024
Time Taken: 1731928049 seconds
Status: PASSED
-----------------------------------------
Test Name: testHindiLanguage
Time Taken: 1731928061 seconds
Status: PASSED
-----------------------------------------
Test Name: testReligion
Time Taken: 1731928069 seconds
Status: PASSED
-----------------------------------------
Test Name: testTechnology
Time Taken: 1731928076 seconds
Status: PASSED
-----------------------------------------
Test Name: testActiveVideo
Time Taken: 1731928080 seconds
Status: PASSED
-----------------------------------------
Test Name: testEducation
Time Taken: 1731928085 seconds
Status: PASSED
-----------------------------------------
Test Name: testHamburgerMenu
Time Taken: 1731928088 seconds
Status: PASSED
-----------------------------------------
Test Name: testCloseHamburgerMenu
Time Taken: 1731928100 seconds
Status: PASSED
-----------------------------------------
Test Name: testHealth
Time Taken: 1731928102 seconds
Status: PASSED
-----------------------------------------
Test Name: testKnowledge
Time Taken: 1731928105 seconds
Status: PASSED
-----------------------------------------
Test Name: testSports
Time Taken: 1731928109 seconds
Status: PASSED
-----------------------------------------
Test Name: testSportsLogo
Time Taken: 1731928122 seconds
Status: PASSED
-----------------------------------------
Test Name: testBusiness
Time Taken: 1731928124 seconds
Status: PASSED
-----------------------------------------
Test Name: testWorld
Time Taken: 1731928126 seconds
Status: PASSED
-----------------------------------------
Test Name: testIsPageUsingHttps
Time Taken: 1731928128 seconds
Status: PASSED
-----------------------------------------
Test Name: testViewMore
Time Taken: 1731928132 seconds
Status: PASSED
-----------------------------------------
Test Name: testHomePage
Time Taken: 1731928380 seconds
Status: PASSED
-----------------------------------------
Test Name: testHomePage
Time Taken: 1731929532 seconds
Status: PASSED
-----------------------------------------
Test Name: testNotifications
Time Taken: 1731929535 seconds
Status: PASSED
-----------------------------------------
