<?xml version="1.0" encoding="UTF-8"?>
<testng-results ignored="7" total="23" passed="16" failed="0" skipped="0">
  <reporter-output>
  </reporter-output>
  <suite started-at="2024-12-17T14:54:37 IST" name="Default suite" finished-at="2024-12-17T14:56:50 IST" duration-ms="133595">
    <groups>
    </groups>
    <test started-at="2024-12-17T14:54:37 IST" name="Default test" finished-at="2024-12-17T14:56:50 IST" duration-ms="133595">
      <class name="tv9_digital_project.tv9HomePage_test">
        <test-method is-config="true" signature="beforeSuite()[pri:0, instance:tv9_digital_project.tv9HomePage_test@4983159f]" started-at="2024-12-17T14:54:37 IST" name="beforeSuite" finished-at="2024-12-17T14:54:37 IST" duration-ms="7" status="PASS">
          <reporter-output>
          </reporter-output>
        </test-method> <!-- beforeSuite -->
        <test-method is-config="true" signature="setUp()[pri:0, instance:tv9_digital_project.tv9HomePage_test@4983159f]" started-at="2024-12-17T14:54:37 IST" name="setUp" finished-at="2024-12-17T14:54:48 IST" duration-ms="10872" status="PASS">
          <reporter-output>
          </reporter-output>
        </test-method> <!-- setUp -->
        <test-method is-config="true" signature="beforeMethod()[pri:0, instance:tv9_digital_project.tv9HomePage_test@4983159f]" started-at="2024-12-17T14:54:48 IST" name="beforeMethod" finished-at="2024-12-17T14:55:06 IST" duration-ms="18610" status="PASS">
          <reporter-output>
          </reporter-output>
        </test-method> <!-- beforeMethod -->
        <test-method signature="testHomePage()[pri:2, instance:tv9_digital_project.tv9HomePage_test@4983159f]" started-at="2024-12-17T14:55:06 IST" name="testHomePage" finished-at="2024-12-17T14:55:06 IST" duration-ms="22" status="PASS">
          <reporter-output>
          </reporter-output>
        </test-method> <!-- testHomePage -->
        <test-method is-config="true" signature="logTestDuration(org.testng.ITestResult)[pri:0, instance:tv9_digital_project.tv9HomePage_test@4983159f]" started-at="2024-12-17T14:55:06 IST" name="logTestDuration" finished-at="2024-12-17T14:55:06 IST" duration-ms="2" status="PASS">
          <params>
            <param index="0">
              <value>
                <![CDATA[[TestResult name=testHomePage status=SUCCESS method=tv9HomePage_test.testHomePage()[pri:2, instance:tv9_digital_project.tv9HomePage_test@4983159f] output={null}]]]>
              </value>
            </param>
          </params>
          <reporter-output>
          </reporter-output>
        </test-method> <!-- logTestDuration -->
        <test-method is-config="true" signature="afterMethod(org.testng.ITestResult)[pri:0, instance:tv9_digital_project.tv9HomePage_test@4983159f]" started-at="2024-12-17T14:55:06 IST" name="afterMethod" finished-at="2024-12-17T14:55:06 IST" duration-ms="1" status="PASS">
          <params>
            <param index="0">
              <value>
                <![CDATA[[TestResult name=testHomePage status=SUCCESS method=tv9HomePage_test.testHomePage()[pri:2, instance:tv9_digital_project.tv9HomePage_test@4983159f] output={null}]]]>
              </value>
            </param>
          </params>
          <reporter-output>
          </reporter-output>
        </test-method> <!-- afterMethod -->
        <test-method is-config="true" signature="beforeMethod()[pri:0, instance:tv9_digital_project.tv9HomePage_test@4983159f]" started-at="2024-12-17T14:55:06 IST" name="beforeMethod" finished-at="2024-12-17T14:55:09 IST" duration-ms="3051" status="PASS">
          <reporter-output>
          </reporter-output>
        </test-method> <!-- beforeMethod -->
        <test-method signature="testWebStory()[pri:3, instance:tv9_digital_project.tv9HomePage_test@4983159f]" started-at="2024-12-17T14:55:09 IST" name="testWebStory" finished-at="2024-12-17T14:55:13 IST" duration-ms="3657" status="PASS">
          <reporter-output>
          </reporter-output>
        </test-method> <!-- testWebStory -->
        <test-method is-config="true" signature="logTestDuration(org.testng.ITestResult)[pri:0, instance:tv9_digital_project.tv9HomePage_test@4983159f]" started-at="2024-12-17T14:55:13 IST" name="logTestDuration" finished-at="2024-12-17T14:55:13 IST" duration-ms="1" status="PASS">
          <params>
            <param index="0">
              <value>
                <![CDATA[[TestResult name=testWebStory status=SUCCESS method=tv9HomePage_test.testWebStory()[pri:3, instance:tv9_digital_project.tv9HomePage_test@4983159f] output={null}]]]>
              </value>
            </param>
          </params>
          <reporter-output>
          </reporter-output>
        </test-method> <!-- logTestDuration -->
        <test-method is-config="true" signature="afterMethod(org.testng.ITestResult)[pri:0, instance:tv9_digital_project.tv9HomePage_test@4983159f]" started-at="2024-12-17T14:55:13 IST" name="afterMethod" finished-at="2024-12-17T14:55:13 IST" duration-ms="1" status="PASS">
          <params>
            <param index="0">
              <value>
                <![CDATA[[TestResult name=testWebStory status=SUCCESS method=tv9HomePage_test.testWebStory()[pri:3, instance:tv9_digital_project.tv9HomePage_test@4983159f] output={null}]]]>
              </value>
            </param>
          </params>
          <reporter-output>
          </reporter-output>
        </test-method> <!-- afterMethod -->
        <test-method is-config="true" signature="beforeMethod()[pri:0, instance:tv9_digital_project.tv9HomePage_test@4983159f]" started-at="2024-12-17T14:55:13 IST" name="beforeMethod" finished-at="2024-12-17T14:55:15 IST" duration-ms="2513" status="PASS">
          <reporter-output>
          </reporter-output>
        </test-method> <!-- beforeMethod -->
        <test-method signature="testState()[pri:4, instance:tv9_digital_project.tv9HomePage_test@4983159f]" started-at="2024-12-17T14:55:15 IST" name="testState" finished-at="2024-12-17T14:55:18 IST" duration-ms="2807" status="PASS">
          <reporter-output>
          </reporter-output>
        </test-method> <!-- testState -->
        <test-method is-config="true" signature="logTestDuration(org.testng.ITestResult)[pri:0, instance:tv9_digital_project.tv9HomePage_test@4983159f]" started-at="2024-12-17T14:55:18 IST" name="logTestDuration" finished-at="2024-12-17T14:55:18 IST" duration-ms="1" status="PASS">
          <params>
            <param index="0">
              <value>
                <![CDATA[[TestResult name=testState status=SUCCESS method=tv9HomePage_test.testState()[pri:4, instance:tv9_digital_project.tv9HomePage_test@4983159f] output={null}]]]>
              </value>
            </param>
          </params>
          <reporter-output>
          </reporter-output>
        </test-method> <!-- logTestDuration -->
        <test-method is-config="true" signature="afterMethod(org.testng.ITestResult)[pri:0, instance:tv9_digital_project.tv9HomePage_test@4983159f]" started-at="2024-12-17T14:55:18 IST" name="afterMethod" finished-at="2024-12-17T14:55:18 IST" duration-ms="0" status="PASS">
          <params>
            <param index="0">
              <value>
                <![CDATA[[TestResult name=testState status=SUCCESS method=tv9HomePage_test.testState()[pri:4, instance:tv9_digital_project.tv9HomePage_test@4983159f] output={null}]]]>
              </value>
            </param>
          </params>
          <reporter-output>
          </reporter-output>
        </test-method> <!-- afterMethod -->
        <test-method is-config="true" signature="beforeMethod()[pri:0, instance:tv9_digital_project.tv9HomePage_test@4983159f]" started-at="2024-12-17T14:55:18 IST" name="beforeMethod" finished-at="2024-12-17T14:55:22 IST" duration-ms="3294" status="PASS">
          <reporter-output>
          </reporter-output>
        </test-method> <!-- beforeMethod -->
        <test-method signature="testCountry()[pri:6, instance:tv9_digital_project.tv9HomePage_test@4983159f]" started-at="2024-12-17T14:55:22 IST" name="testCountry" finished-at="2024-12-17T14:55:26 IST" depends-on-methods="tv9_digital_project.tv9HomePage_test.testHomePage" duration-ms="4622" status="PASS">
          <reporter-output>
          </reporter-output>
        </test-method> <!-- testCountry -->
        <test-method is-config="true" signature="logTestDuration(org.testng.ITestResult)[pri:0, instance:tv9_digital_project.tv9HomePage_test@4983159f]" started-at="2024-12-17T14:55:26 IST" name="logTestDuration" finished-at="2024-12-17T14:55:26 IST" duration-ms="4" status="PASS">
          <params>
            <param index="0">
              <value>
                <![CDATA[[TestResult name=testCountry status=SUCCESS method=tv9HomePage_test.testCountry()[pri:6, instance:tv9_digital_project.tv9HomePage_test@4983159f] output={null}]]]>
              </value>
            </param>
          </params>
          <reporter-output>
          </reporter-output>
        </test-method> <!-- logTestDuration -->
        <test-method is-config="true" signature="afterMethod(org.testng.ITestResult)[pri:0, instance:tv9_digital_project.tv9HomePage_test@4983159f]" started-at="2024-12-17T14:55:26 IST" name="afterMethod" finished-at="2024-12-17T14:55:26 IST" duration-ms="0" status="PASS">
          <params>
            <param index="0">
              <value>
                <![CDATA[[TestResult name=testCountry status=SUCCESS method=tv9HomePage_test.testCountry()[pri:6, instance:tv9_digital_project.tv9HomePage_test@4983159f] output={null}]]]>
              </value>
            </param>
          </params>
          <reporter-output>
          </reporter-output>
        </test-method> <!-- afterMethod -->
        <test-method is-config="true" signature="beforeMethod()[pri:0, instance:tv9_digital_project.tv9HomePage_test@4983159f]" started-at="2024-12-17T14:55:26 IST" name="beforeMethod" finished-at="2024-12-17T14:55:29 IST" duration-ms="3222" status="PASS">
          <reporter-output>
          </reporter-output>
        </test-method> <!-- beforeMethod -->
        <test-method signature="testElections2024()[pri:8, instance:tv9_digital_project.tv9HomePage_test@4983159f]" started-at="2024-12-17T14:55:29 IST" name="testElections2024" finished-at="2024-12-17T14:55:40 IST" depends-on-methods="tv9_digital_project.tv9HomePage_test.testHomePage" duration-ms="10632" status="PASS">
          <reporter-output>
          </reporter-output>
        </test-method> <!-- testElections2024 -->
        <test-method is-config="true" signature="logTestDuration(org.testng.ITestResult)[pri:0, instance:tv9_digital_project.tv9HomePage_test@4983159f]" started-at="2024-12-17T14:55:40 IST" name="logTestDuration" finished-at="2024-12-17T14:55:40 IST" duration-ms="1" status="PASS">
          <params>
            <param index="0">
              <value>
                <![CDATA[[TestResult name=testElections2024 status=SUCCESS method=tv9HomePage_test.testElections2024()[pri:8, instance:tv9_digital_project.tv9HomePage_test@4983159f] output={null}]]]>
              </value>
            </param>
          </params>
          <reporter-output>
          </reporter-output>
        </test-method> <!-- logTestDuration -->
        <test-method is-config="true" signature="afterMethod(org.testng.ITestResult)[pri:0, instance:tv9_digital_project.tv9HomePage_test@4983159f]" started-at="2024-12-17T14:55:40 IST" name="afterMethod" finished-at="2024-12-17T14:55:40 IST" duration-ms="0" status="PASS">
          <params>
            <param index="0">
              <value>
                <![CDATA[[TestResult name=testElections2024 status=SUCCESS method=tv9HomePage_test.testElections2024()[pri:8, instance:tv9_digital_project.tv9HomePage_test@4983159f] output={null}]]]>
              </value>
            </param>
          </params>
          <reporter-output>
          </reporter-output>
        </test-method> <!-- afterMethod -->
        <test-method is-config="true" signature="beforeMethod()[pri:0, instance:tv9_digital_project.tv9HomePage_test@4983159f]" started-at="2024-12-17T14:55:40 IST" name="beforeMethod" finished-at="2024-12-17T14:55:46 IST" duration-ms="5880" status="PASS">
          <reporter-output>
          </reporter-output>
        </test-method> <!-- beforeMethod -->
        <test-method signature="testHindiLanguage()[pri:9, instance:tv9_digital_project.tv9HomePage_test@4983159f]" started-at="2024-12-17T14:55:46 IST" name="testHindiLanguage" finished-at="2024-12-17T14:55:57 IST" depends-on-methods="tv9_digital_project.tv9HomePage_test.testHomePage" duration-ms="10856" status="PASS">
          <reporter-output>
          </reporter-output>
        </test-method> <!-- testHindiLanguage -->
        <test-method is-config="true" signature="logTestDuration(org.testng.ITestResult)[pri:0, instance:tv9_digital_project.tv9HomePage_test@4983159f]" started-at="2024-12-17T14:55:57 IST" name="logTestDuration" finished-at="2024-12-17T14:55:57 IST" duration-ms="3" status="PASS">
          <params>
            <param index="0">
              <value>
                <![CDATA[[TestResult name=testHindiLanguage status=SUCCESS method=tv9HomePage_test.testHindiLanguage()[pri:9, instance:tv9_digital_project.tv9HomePage_test@4983159f] output={null}]]]>
              </value>
            </param>
          </params>
          <reporter-output>
          </reporter-output>
        </test-method> <!-- logTestDuration -->
        <test-method is-config="true" signature="afterMethod(org.testng.ITestResult)[pri:0, instance:tv9_digital_project.tv9HomePage_test@4983159f]" started-at="2024-12-17T14:55:57 IST" name="afterMethod" finished-at="2024-12-17T14:55:57 IST" duration-ms="1" status="PASS">
          <params>
            <param index="0">
              <value>
                <![CDATA[[TestResult name=testHindiLanguage status=SUCCESS method=tv9HomePage_test.testHindiLanguage()[pri:9, instance:tv9_digital_project.tv9HomePage_test@4983159f] output={null}]]]>
              </value>
            </param>
          </params>
          <reporter-output>
          </reporter-output>
        </test-method> <!-- afterMethod -->
        <test-method is-config="true" signature="beforeMethod()[pri:0, instance:tv9_digital_project.tv9HomePage_test@4983159f]" started-at="2024-12-17T14:55:57 IST" name="beforeMethod" finished-at="2024-12-17T14:56:01 IST" duration-ms="3801" status="PASS">
          <reporter-output>
          </reporter-output>
        </test-method> <!-- beforeMethod -->
        <test-method signature="testReligion()[pri:10, instance:tv9_digital_project.tv9HomePage_test@4983159f]" started-at="2024-12-17T14:56:01 IST" name="testReligion" finished-at="2024-12-17T14:56:02 IST" depends-on-methods="tv9_digital_project.tv9HomePage_test.testHomePage" duration-ms="1114" status="PASS">
          <reporter-output>
          </reporter-output>
        </test-method> <!-- testReligion -->
        <test-method is-config="true" signature="logTestDuration(org.testng.ITestResult)[pri:0, instance:tv9_digital_project.tv9HomePage_test@4983159f]" started-at="2024-12-17T14:56:02 IST" name="logTestDuration" finished-at="2024-12-17T14:56:02 IST" duration-ms="1" status="PASS">
          <params>
            <param index="0">
              <value>
                <![CDATA[[TestResult name=testReligion status=SUCCESS method=tv9HomePage_test.testReligion()[pri:10, instance:tv9_digital_project.tv9HomePage_test@4983159f] output={null}]]]>
              </value>
            </param>
          </params>
          <reporter-output>
          </reporter-output>
        </test-method> <!-- logTestDuration -->
        <test-method is-config="true" signature="afterMethod(org.testng.ITestResult)[pri:0, instance:tv9_digital_project.tv9HomePage_test@4983159f]" started-at="2024-12-17T14:56:02 IST" name="afterMethod" finished-at="2024-12-17T14:56:02 IST" duration-ms="0" status="PASS">
          <params>
            <param index="0">
              <value>
                <![CDATA[[TestResult name=testReligion status=SUCCESS method=tv9HomePage_test.testReligion()[pri:10, instance:tv9_digital_project.tv9HomePage_test@4983159f] output={null}]]]>
              </value>
            </param>
          </params>
          <reporter-output>
          </reporter-output>
        </test-method> <!-- afterMethod -->
        <test-method is-config="true" signature="beforeMethod()[pri:0, instance:tv9_digital_project.tv9HomePage_test@4983159f]" started-at="2024-12-17T14:56:02 IST" name="beforeMethod" finished-at="2024-12-17T14:56:05 IST" duration-ms="3425" status="PASS">
          <reporter-output>
          </reporter-output>
        </test-method> <!-- beforeMethod -->
        <test-method signature="testTechnology()[pri:10, instance:tv9_digital_project.tv9HomePage_test@4983159f]" started-at="2024-12-17T14:56:05 IST" name="testTechnology" finished-at="2024-12-17T14:56:07 IST" duration-ms="1818" status="PASS">
          <reporter-output>
          </reporter-output>
        </test-method> <!-- testTechnology -->
        <test-method is-config="true" signature="logTestDuration(org.testng.ITestResult)[pri:0, instance:tv9_digital_project.tv9HomePage_test@4983159f]" started-at="2024-12-17T14:56:07 IST" name="logTestDuration" finished-at="2024-12-17T14:56:07 IST" duration-ms="1" status="PASS">
          <params>
            <param index="0">
              <value>
                <![CDATA[[TestResult name=testTechnology status=SUCCESS method=tv9HomePage_test.testTechnology()[pri:10, instance:tv9_digital_project.tv9HomePage_test@4983159f] output={null}]]]>
              </value>
            </param>
          </params>
          <reporter-output>
          </reporter-output>
        </test-method> <!-- logTestDuration -->
        <test-method is-config="true" signature="afterMethod(org.testng.ITestResult)[pri:0, instance:tv9_digital_project.tv9HomePage_test@4983159f]" started-at="2024-12-17T14:56:07 IST" name="afterMethod" finished-at="2024-12-17T14:56:07 IST" duration-ms="1" status="PASS">
          <params>
            <param index="0">
              <value>
                <![CDATA[[TestResult name=testTechnology status=SUCCESS method=tv9HomePage_test.testTechnology()[pri:10, instance:tv9_digital_project.tv9HomePage_test@4983159f] output={null}]]]>
              </value>
            </param>
          </params>
          <reporter-output>
          </reporter-output>
        </test-method> <!-- afterMethod -->
        <test-method is-config="true" signature="beforeMethod()[pri:0, instance:tv9_digital_project.tv9HomePage_test@4983159f]" started-at="2024-12-17T14:56:07 IST" name="beforeMethod" finished-at="2024-12-17T14:56:11 IST" duration-ms="3748" status="PASS">
          <reporter-output>
          </reporter-output>
        </test-method> <!-- beforeMethod -->
        <test-method signature="testActiveVideo()[pri:11, instance:tv9_digital_project.tv9HomePage_test@4983159f]" started-at="2024-12-17T14:56:11 IST" name="testActiveVideo" finished-at="2024-12-17T14:56:12 IST" depends-on-methods="tv9_digital_project.tv9HomePage_test.testHomePage" duration-ms="1120" status="PASS">
          <reporter-output>
          </reporter-output>
        </test-method> <!-- testActiveVideo -->
        <test-method is-config="true" signature="logTestDuration(org.testng.ITestResult)[pri:0, instance:tv9_digital_project.tv9HomePage_test@4983159f]" started-at="2024-12-17T14:56:12 IST" name="logTestDuration" finished-at="2024-12-17T14:56:12 IST" duration-ms="2" status="PASS">
          <params>
            <param index="0">
              <value>
                <![CDATA[[TestResult name=testActiveVideo status=SUCCESS method=tv9HomePage_test.testActiveVideo()[pri:11, instance:tv9_digital_project.tv9HomePage_test@4983159f] output={null}]]]>
              </value>
            </param>
          </params>
          <reporter-output>
          </reporter-output>
        </test-method> <!-- logTestDuration -->
        <test-method is-config="true" signature="afterMethod(org.testng.ITestResult)[pri:0, instance:tv9_digital_project.tv9HomePage_test@4983159f]" started-at="2024-12-17T14:56:12 IST" name="afterMethod" finished-at="2024-12-17T14:56:12 IST" duration-ms="0" status="PASS">
          <params>
            <param index="0">
              <value>
                <![CDATA[[TestResult name=testActiveVideo status=SUCCESS method=tv9HomePage_test.testActiveVideo()[pri:11, instance:tv9_digital_project.tv9HomePage_test@4983159f] output={null}]]]>
              </value>
            </param>
          </params>
          <reporter-output>
          </reporter-output>
        </test-method> <!-- afterMethod -->
        <test-method is-config="true" signature="beforeMethod()[pri:0, instance:tv9_digital_project.tv9HomePage_test@4983159f]" started-at="2024-12-17T14:56:12 IST" name="beforeMethod" finished-at="2024-12-17T14:56:15 IST" duration-ms="3214" status="PASS">
          <reporter-output>
          </reporter-output>
        </test-method> <!-- beforeMethod -->
        <test-method signature="testEducation()[pri:12, instance:tv9_digital_project.tv9HomePage_test@4983159f]" started-at="2024-12-17T14:56:15 IST" name="testEducation" finished-at="2024-12-17T14:56:16 IST" depends-on-methods="tv9_digital_project.tv9HomePage_test.testHomePage" duration-ms="1332" status="PASS">
          <reporter-output>
          </reporter-output>
        </test-method> <!-- testEducation -->
        <test-method is-config="true" signature="logTestDuration(org.testng.ITestResult)[pri:0, instance:tv9_digital_project.tv9HomePage_test@4983159f]" started-at="2024-12-17T14:56:16 IST" name="logTestDuration" finished-at="2024-12-17T14:56:16 IST" duration-ms="1" status="PASS">
          <params>
            <param index="0">
              <value>
                <![CDATA[[TestResult name=testEducation status=SUCCESS method=tv9HomePage_test.testEducation()[pri:12, instance:tv9_digital_project.tv9HomePage_test@4983159f] output={null}]]]>
              </value>
            </param>
          </params>
          <reporter-output>
          </reporter-output>
        </test-method> <!-- logTestDuration -->
        <test-method is-config="true" signature="afterMethod(org.testng.ITestResult)[pri:0, instance:tv9_digital_project.tv9HomePage_test@4983159f]" started-at="2024-12-17T14:56:16 IST" name="afterMethod" finished-at="2024-12-17T14:56:16 IST" duration-ms="1" status="PASS">
          <params>
            <param index="0">
              <value>
                <![CDATA[[TestResult name=testEducation status=SUCCESS method=tv9HomePage_test.testEducation()[pri:12, instance:tv9_digital_project.tv9HomePage_test@4983159f] output={null}]]]>
              </value>
            </param>
          </params>
          <reporter-output>
          </reporter-output>
        </test-method> <!-- afterMethod -->
        <test-method is-config="true" signature="beforeMethod()[pri:0, instance:tv9_digital_project.tv9HomePage_test@4983159f]" started-at="2024-12-17T14:56:16 IST" name="beforeMethod" finished-at="2024-12-17T14:56:20 IST" duration-ms="4092" status="PASS">
          <reporter-output>
          </reporter-output>
        </test-method> <!-- beforeMethod -->
        <test-method signature="testHealth()[pri:15, instance:tv9_digital_project.tv9HomePage_test@4983159f]" started-at="2024-12-17T14:56:20 IST" name="testHealth" finished-at="2024-12-17T14:56:22 IST" depends-on-methods="tv9_digital_project.tv9HomePage_test.testHomePage" duration-ms="1254" status="PASS">
          <reporter-output>
          </reporter-output>
        </test-method> <!-- testHealth -->
        <test-method is-config="true" signature="logTestDuration(org.testng.ITestResult)[pri:0, instance:tv9_digital_project.tv9HomePage_test@4983159f]" started-at="2024-12-17T14:56:22 IST" name="logTestDuration" finished-at="2024-12-17T14:56:22 IST" duration-ms="1" status="PASS">
          <params>
            <param index="0">
              <value>
                <![CDATA[[TestResult name=testHealth status=SUCCESS method=tv9HomePage_test.testHealth()[pri:15, instance:tv9_digital_project.tv9HomePage_test@4983159f] output={null}]]]>
              </value>
            </param>
          </params>
          <reporter-output>
          </reporter-output>
        </test-method> <!-- logTestDuration -->
        <test-method is-config="true" signature="afterMethod(org.testng.ITestResult)[pri:0, instance:tv9_digital_project.tv9HomePage_test@4983159f]" started-at="2024-12-17T14:56:22 IST" name="afterMethod" finished-at="2024-12-17T14:56:22 IST" duration-ms="1" status="PASS">
          <params>
            <param index="0">
              <value>
                <![CDATA[[TestResult name=testHealth status=SUCCESS method=tv9HomePage_test.testHealth()[pri:15, instance:tv9_digital_project.tv9HomePage_test@4983159f] output={null}]]]>
              </value>
            </param>
          </params>
          <reporter-output>
          </reporter-output>
        </test-method> <!-- afterMethod -->
        <test-method is-config="true" signature="beforeMethod()[pri:0, instance:tv9_digital_project.tv9HomePage_test@4983159f]" started-at="2024-12-17T14:56:22 IST" name="beforeMethod" finished-at="2024-12-17T14:56:26 IST" duration-ms="4070" status="PASS">
          <reporter-output>
          </reporter-output>
        </test-method> <!-- beforeMethod -->
        <test-method signature="testKnowledge()[pri:16, instance:tv9_digital_project.tv9HomePage_test@4983159f]" started-at="2024-12-17T14:56:26 IST" name="testKnowledge" finished-at="2024-12-17T14:56:27 IST" depends-on-methods="tv9_digital_project.tv9HomePage_test.testHomePage" duration-ms="1136" status="PASS">
          <reporter-output>
          </reporter-output>
        </test-method> <!-- testKnowledge -->
        <test-method is-config="true" signature="logTestDuration(org.testng.ITestResult)[pri:0, instance:tv9_digital_project.tv9HomePage_test@4983159f]" started-at="2024-12-17T14:56:27 IST" name="logTestDuration" finished-at="2024-12-17T14:56:27 IST" duration-ms="1" status="PASS">
          <params>
            <param index="0">
              <value>
                <![CDATA[[TestResult name=testKnowledge status=SUCCESS method=tv9HomePage_test.testKnowledge()[pri:16, instance:tv9_digital_project.tv9HomePage_test@4983159f] output={null}]]]>
              </value>
            </param>
          </params>
          <reporter-output>
          </reporter-output>
        </test-method> <!-- logTestDuration -->
        <test-method is-config="true" signature="afterMethod(org.testng.ITestResult)[pri:0, instance:tv9_digital_project.tv9HomePage_test@4983159f]" started-at="2024-12-17T14:56:27 IST" name="afterMethod" finished-at="2024-12-17T14:56:27 IST" duration-ms="1" status="PASS">
          <params>
            <param index="0">
              <value>
                <![CDATA[[TestResult name=testKnowledge status=SUCCESS method=tv9HomePage_test.testKnowledge()[pri:16, instance:tv9_digital_project.tv9HomePage_test@4983159f] output={null}]]]>
              </value>
            </param>
          </params>
          <reporter-output>
          </reporter-output>
        </test-method> <!-- afterMethod -->
        <test-method is-config="true" signature="beforeMethod()[pri:0, instance:tv9_digital_project.tv9HomePage_test@4983159f]" started-at="2024-12-17T14:56:27 IST" name="beforeMethod" finished-at="2024-12-17T14:56:30 IST" duration-ms="3249" status="PASS">
          <reporter-output>
          </reporter-output>
        </test-method> <!-- beforeMethod -->
        <test-method signature="testSports()[pri:17, instance:tv9_digital_project.tv9HomePage_test@4983159f]" started-at="2024-12-17T14:56:30 IST" name="testSports" finished-at="2024-12-17T14:56:33 IST" depends-on-methods="tv9_digital_project.tv9HomePage_test.testHomePage" duration-ms="2723" status="PASS">
          <reporter-output>
          </reporter-output>
        </test-method> <!-- testSports -->
        <test-method is-config="true" signature="logTestDuration(org.testng.ITestResult)[pri:0, instance:tv9_digital_project.tv9HomePage_test@4983159f]" started-at="2024-12-17T14:56:33 IST" name="logTestDuration" finished-at="2024-12-17T14:56:33 IST" duration-ms="1" status="PASS">
          <params>
            <param index="0">
              <value>
                <![CDATA[[TestResult name=testSports status=SUCCESS method=tv9HomePage_test.testSports()[pri:17, instance:tv9_digital_project.tv9HomePage_test@4983159f] output={null}]]]>
              </value>
            </param>
          </params>
          <reporter-output>
          </reporter-output>
        </test-method> <!-- logTestDuration -->
        <test-method is-config="true" signature="afterMethod(org.testng.ITestResult)[pri:0, instance:tv9_digital_project.tv9HomePage_test@4983159f]" started-at="2024-12-17T14:56:33 IST" name="afterMethod" finished-at="2024-12-17T14:56:33 IST" duration-ms="1" status="PASS">
          <params>
            <param index="0">
              <value>
                <![CDATA[[TestResult name=testSports status=SUCCESS method=tv9HomePage_test.testSports()[pri:17, instance:tv9_digital_project.tv9HomePage_test@4983159f] output={null}]]]>
              </value>
            </param>
          </params>
          <reporter-output>
          </reporter-output>
        </test-method> <!-- afterMethod -->
        <test-method is-config="true" signature="beforeMethod()[pri:0, instance:tv9_digital_project.tv9HomePage_test@4983159f]" started-at="2024-12-17T14:56:33 IST" name="beforeMethod" finished-at="2024-12-17T14:56:36 IST" duration-ms="2995" status="PASS">
          <reporter-output>
          </reporter-output>
        </test-method> <!-- beforeMethod -->
        <test-method signature="testBusiness()[pri:19, instance:tv9_digital_project.tv9HomePage_test@4983159f]" started-at="2024-12-17T14:56:36 IST" name="testBusiness" finished-at="2024-12-17T14:56:37 IST" depends-on-methods="tv9_digital_project.tv9HomePage_test.testHomePage" duration-ms="1289" status="PASS">
          <reporter-output>
          </reporter-output>
        </test-method> <!-- testBusiness -->
        <test-method is-config="true" signature="logTestDuration(org.testng.ITestResult)[pri:0, instance:tv9_digital_project.tv9HomePage_test@4983159f]" started-at="2024-12-17T14:56:37 IST" name="logTestDuration" finished-at="2024-12-17T14:56:37 IST" duration-ms="1" status="PASS">
          <params>
            <param index="0">
              <value>
                <![CDATA[[TestResult name=testBusiness status=SUCCESS method=tv9HomePage_test.testBusiness()[pri:19, instance:tv9_digital_project.tv9HomePage_test@4983159f] output={null}]]]>
              </value>
            </param>
          </params>
          <reporter-output>
          </reporter-output>
        </test-method> <!-- logTestDuration -->
        <test-method is-config="true" signature="afterMethod(org.testng.ITestResult)[pri:0, instance:tv9_digital_project.tv9HomePage_test@4983159f]" started-at="2024-12-17T14:56:37 IST" name="afterMethod" finished-at="2024-12-17T14:56:37 IST" duration-ms="1" status="PASS">
          <params>
            <param index="0">
              <value>
                <![CDATA[[TestResult name=testBusiness status=SUCCESS method=tv9HomePage_test.testBusiness()[pri:19, instance:tv9_digital_project.tv9HomePage_test@4983159f] output={null}]]]>
              </value>
            </param>
          </params>
          <reporter-output>
          </reporter-output>
        </test-method> <!-- afterMethod -->
        <test-method is-config="true" signature="beforeMethod()[pri:0, instance:tv9_digital_project.tv9HomePage_test@4983159f]" started-at="2024-12-17T14:56:37 IST" name="beforeMethod" finished-at="2024-12-17T14:56:41 IST" duration-ms="4088" status="PASS">
          <reporter-output>
          </reporter-output>
        </test-method> <!-- beforeMethod -->
        <test-method signature="testWorld()[pri:20, instance:tv9_digital_project.tv9HomePage_test@4983159f]" started-at="2024-12-17T14:56:41 IST" name="testWorld" finished-at="2024-12-17T14:56:44 IST" depends-on-methods="tv9_digital_project.tv9HomePage_test.testHomePage" duration-ms="2216" status="PASS">
          <reporter-output>
          </reporter-output>
        </test-method> <!-- testWorld -->
        <test-method is-config="true" signature="logTestDuration(org.testng.ITestResult)[pri:0, instance:tv9_digital_project.tv9HomePage_test@4983159f]" started-at="2024-12-17T14:56:44 IST" name="logTestDuration" finished-at="2024-12-17T14:56:44 IST" duration-ms="2" status="PASS">
          <params>
            <param index="0">
              <value>
                <![CDATA[[TestResult name=testWorld status=SUCCESS method=tv9HomePage_test.testWorld()[pri:20, instance:tv9_digital_project.tv9HomePage_test@4983159f] output={null}]]]>
              </value>
            </param>
          </params>
          <reporter-output>
          </reporter-output>
        </test-method> <!-- logTestDuration -->
        <test-method is-config="true" signature="afterMethod(org.testng.ITestResult)[pri:0, instance:tv9_digital_project.tv9HomePage_test@4983159f]" started-at="2024-12-17T14:56:44 IST" name="afterMethod" finished-at="2024-12-17T14:56:44 IST" duration-ms="1" status="PASS">
          <params>
            <param index="0">
              <value>
                <![CDATA[[TestResult name=testWorld status=SUCCESS method=tv9HomePage_test.testWorld()[pri:20, instance:tv9_digital_project.tv9HomePage_test@4983159f] output={null}]]]>
              </value>
            </param>
          </params>
          <reporter-output>
          </reporter-output>
        </test-method> <!-- afterMethod -->
        <test-method is-config="true" signature="beforeMethod()[pri:0, instance:tv9_digital_project.tv9HomePage_test@4983159f]" started-at="2024-12-17T14:56:44 IST" name="beforeMethod" finished-at="2024-12-17T14:56:49 IST" duration-ms="5661" status="PASS">
          <reporter-output>
          </reporter-output>
        </test-method> <!-- beforeMethod -->
        <test-method signature="testIsPageUsingHttps()[pri:21, instance:tv9_digital_project.tv9HomePage_test@4983159f]" started-at="2024-12-17T14:56:49 IST" name="testIsPageUsingHttps" finished-at="2024-12-17T14:56:49 IST" duration-ms="11" status="PASS">
          <reporter-output>
          </reporter-output>
        </test-method> <!-- testIsPageUsingHttps -->
        <test-method is-config="true" signature="logTestDuration(org.testng.ITestResult)[pri:0, instance:tv9_digital_project.tv9HomePage_test@4983159f]" started-at="2024-12-17T14:56:49 IST" name="logTestDuration" finished-at="2024-12-17T14:56:49 IST" duration-ms="2" status="PASS">
          <params>
            <param index="0">
              <value>
                <![CDATA[[TestResult name=testIsPageUsingHttps status=SUCCESS method=tv9HomePage_test.testIsPageUsingHttps()[pri:21, instance:tv9_digital_project.tv9HomePage_test@4983159f] output={null}]]]>
              </value>
            </param>
          </params>
          <reporter-output>
          </reporter-output>
        </test-method> <!-- logTestDuration -->
        <test-method is-config="true" signature="afterMethod(org.testng.ITestResult)[pri:0, instance:tv9_digital_project.tv9HomePage_test@4983159f]" started-at="2024-12-17T14:56:49 IST" name="afterMethod" finished-at="2024-12-17T14:56:49 IST" duration-ms="0" status="PASS">
          <params>
            <param index="0">
              <value>
                <![CDATA[[TestResult name=testIsPageUsingHttps status=SUCCESS method=tv9HomePage_test.testIsPageUsingHttps()[pri:21, instance:tv9_digital_project.tv9HomePage_test@4983159f] output={null}]]]>
              </value>
            </param>
          </params>
          <reporter-output>
          </reporter-output>
        </test-method> <!-- afterMethod -->
        <test-method is-config="true" signature="tearDown()[pri:0, instance:tv9_digital_project.tv9HomePage_test@4983159f]" started-at="2024-12-17T14:56:49 IST" name="tearDown" finished-at="2024-12-17T14:56:50 IST" duration-ms="1091" status="PASS">
          <reporter-output>
          </reporter-output>
        </test-method> <!-- tearDown -->
        <test-method is-config="true" signature="afterSuite()[pri:0, instance:tv9_digital_project.tv9HomePage_test@4983159f]" started-at="2024-12-17T14:56:50 IST" name="afterSuite" finished-at="2024-12-17T14:56:50 IST" duration-ms="1" status="PASS">
          <reporter-output>
          </reporter-output>
        </test-method> <!-- afterSuite -->
      </class> <!-- tv9_digital_project.tv9HomePage_test -->
    </test> <!-- Default test -->
  </suite> <!-- Default suite -->
</testng-results>
