<?xml version="1.0" encoding="UTF-8"?>
<!-- Generated by org.testng.reporters.JUnitXMLReporter -->
<testsuite ignored="0" hostname="Kiran-Tech" failures="0" tests="22" name="EdgeTests" time="0.193" errors="0" timestamp="2024-10-28T10:51:28 IST">
  <testcase classname="tv9_digital_project.BaseClass" name="@BeforeClass setUp" time="-1.730092888007E9">
    <failure type="org.testng.TestNGException" message="
Can inject only one of &amp;lt;ITestContext, XmlTest&amp;gt; into a @BeforeClass annotated setUp.
For more information on native dependency injection please refer to https://testng.org/doc/documentation-main.html#native-dependency-injection">
      <![CDATA[org.testng.TestNGException: 
Can inject only one of <ITestContext, XmlTest> into a @BeforeClass annotated setUp.
For more information on native dependency injection please refer to https://testng.org/doc/documentation-main.html#native-dependency-injection
at java.base/java.util.ArrayList.forEach(ArrayList.java:1597)
at java.base/java.util.concurrent.FutureTask.run(FutureTask.java:317)
at java.base/java.util.concurrent.ThreadPoolExecutor.runWorker(ThreadPoolExecutor.java:1144)
at java.base/java.util.concurrent.ThreadPoolExecutor$Worker.run(ThreadPoolExecutor.java:642)
at java.base/java.lang.Thread.run(Thread.java:1575)
... Removed 13 stack frames]]>
    </failure>
  </testcase> <!-- @BeforeClass setUp -->
  <testcase classname="tv9_digital_project.BaseClass" name="@BeforeMethod beforeMethod" time="-1.730092888036E9">
    <skipped/>
  </testcase> <!-- @BeforeMethod beforeMethod -->
  <testcase classname="tv9_digital_project.BaseClass" name="@AfterMethod afterMethod" time="-1.730092888053E9">
    <skipped/>
  </testcase> <!-- @AfterMethod afterMethod -->
  <testcase classname="tv9_digital_project.BaseClass" name="@BeforeMethod beforeMethod" time="-1.73009288806E9">
    <skipped/>
  </testcase> <!-- @BeforeMethod beforeMethod -->
  <testcase classname="tv9_digital_project.BaseClass" name="@AfterMethod afterMethod" time="-1.730092888072E9">
    <skipped/>
  </testcase> <!-- @AfterMethod afterMethod -->
  <testcase classname="tv9_digital_project.BaseClass" name="@BeforeMethod beforeMethod" time="-1.730092888081E9">
    <skipped/>
  </testcase> <!-- @BeforeMethod beforeMethod -->
  <testcase classname="tv9_digital_project.BaseClass" name="@AfterMethod afterMethod" time="-1.730092888089E9">
    <skipped/>
  </testcase> <!-- @AfterMethod afterMethod -->
  <testcase classname="tv9_digital_project.tv9HomePage_test" name="testHomePage" time="0.0">
    <skipped/>
  </testcase> <!-- testHomePage -->
  <testcase classname="tv9_digital_project.tv9HomePage_test" name="testHomePage" time="0.0">
    <skipped/>
  </testcase> <!-- testHomePage -->
  <testcase classname="tv9_digital_project.tv9HomePage_test" name="testHomePage" time="0.0">
    <skipped/>
  </testcase> <!-- testHomePage -->
  <testcase classname="tv9_digital_project.tv9HomePage_test" name="testActiveVideo" time="0.0">
    <skipped/>
  </testcase> <!-- testActiveVideo -->
  <testcase classname="tv9_digital_project.tv9HomePage_test" name="testAutomateLiveTv" time="0.0">
    <skipped/>
  </testcase> <!-- testAutomateLiveTv -->
  <testcase classname="tv9_digital_project.tv9HomePage_test" name="testBusiness" time="0.0">
    <skipped/>
  </testcase> <!-- testBusiness -->
  <testcase classname="tv9_digital_project.tv9HomePage_test" name="testCountry" time="0.0">
    <skipped/>
  </testcase> <!-- testCountry -->
  <testcase classname="tv9_digital_project.tv9HomePage_test" name="testEducation" time="0.0">
    <skipped/>
  </testcase> <!-- testEducation -->
  <testcase classname="tv9_digital_project.tv9HomePage_test" name="testElections2024" time="0.0">
    <skipped/>
  </testcase> <!-- testElections2024 -->
  <testcase classname="tv9_digital_project.tv9HomePage_test" name="testHamburgerMenu" time="0.0">
    <skipped/>
  </testcase> <!-- testHamburgerMenu -->
  <testcase classname="tv9_digital_project.tv9HomePage_test" name="testHealth" time="0.0">
    <skipped/>
  </testcase> <!-- testHealth -->
  <testcase classname="tv9_digital_project.tv9HomePage_test" name="testHindiLanguage" time="0.0">
    <skipped/>
  </testcase> <!-- testHindiLanguage -->
  <testcase classname="tv9_digital_project.tv9HomePage_test" name="testKnowledge" time="0.0">
    <skipped/>
  </testcase> <!-- testKnowledge -->
  <testcase classname="tv9_digital_project.tv9HomePage_test" name="testNotifications" time="0.0">
    <skipped/>
  </testcase> <!-- testNotifications -->
  <testcase classname="tv9_digital_project.tv9HomePage_test" name="testReligion" time="0.0">
    <skipped/>
  </testcase> <!-- testReligion -->
  <testcase classname="tv9_digital_project.tv9HomePage_test" name="testSports" time="0.0">
    <skipped/>
  </testcase> <!-- testSports -->
  <testcase classname="tv9_digital_project.tv9HomePage_test" name="testState" time="0.0">
    <skipped/>
  </testcase> <!-- testState -->
  <testcase classname="tv9_digital_project.tv9HomePage_test" name="testTechnology" time="0.0">
    <skipped/>
  </testcase> <!-- testTechnology -->
  <testcase classname="tv9_digital_project.tv9HomePage_test" name="testWebStory" time="0.0">
    <skipped/>
  </testcase> <!-- testWebStory -->
  <testcase classname="tv9_digital_project.tv9HomePage_test" name="testWorld" time="0.0">
    <skipped/>
  </testcase> <!-- testWorld -->
  <testcase classname="tv9_digital_project.tv9HomePage_test" name="testCloseHamburgerMenu" time="0.0">
    <skipped/>
  </testcase> <!-- testCloseHamburgerMenu -->
  <testcase classname="tv9_digital_project.tv9HomePage_test" name="testSportsLogo" time="0.0">
    <skipped/>
  </testcase> <!-- testSportsLogo -->
</testsuite> <!-- EdgeTests -->
