<?xml version="1.0" encoding="UTF-8"?>
<!-- Generated by org.testng.reporters.JUnitXMLReporter -->
<testsuite ignored="0" hostname="Kiran-Tech" failures="1" tests="23" name="Default test" time="227.574" errors="0" timestamp="2024-11-29T12:20:59 IST">
  <testcase classname="tv9_digital_project.tv9HomePage_test" name="testCoreWebVitals" time="30.18">
    <failure type="java.lang.ClassCastException" message="class java.lang.Integer cannot be cast to class java.lang.Double (java.lang.Integer and java.lang.Double are in module java.base of loader &amp;apos;bootstrap&amp;apos;)">
      <![CDATA[java.lang.ClassCastException: class java.lang.Integer cannot be cast to class java.lang.Double (java.lang.Integer and java.lang.Double are in module java.base of loader 'bootstrap')
at tv9_digital_project.tv9HomePage_test.testCoreWebVitals(tv9HomePage_test.java:71)
at java.base/jdk.internal.reflect.DirectMethodHandleAccessor.invoke(DirectMethodHandleAccessor.java:103)
at java.base/java.lang.reflect.Method.invoke(Method.java:580)
at org.testng.internal.MethodInvocationHelper.invokeMethod(MethodInvocationHelper.java:133)
at org.testng.internal.TestInvoker.invokeMethod(TestInvoker.java:598)
at org.testng.internal.TestInvoker.invokeTestMethod(TestInvoker.java:173)
at org.testng.internal.MethodRunner.runInSequence(MethodRunner.java:46)
at org.testng.internal.TestInvoker$MethodInvocationAgent.invoke(TestInvoker.java:824)
at org.testng.internal.TestInvoker.invokeTestMethods(TestInvoker.java:146)
at org.testng.internal.TestMethodWorker.invokeTestMethods(TestMethodWorker.java:146)
at org.testng.internal.TestMethodWorker.run(TestMethodWorker.java:128)
at java.base/java.util.ArrayList.forEach(ArrayList.java:1597)
at org.testng.TestRunner.privateRun(TestRunner.java:794)
at org.testng.TestRunner.run(TestRunner.java:596)
at org.testng.SuiteRunner.runTest(SuiteRunner.java:377)
at org.testng.SuiteRunner.runSequentially(SuiteRunner.java:371)
at org.testng.SuiteRunner.privateRun(SuiteRunner.java:332)
at org.testng.SuiteRunner.run(SuiteRunner.java:276)
at org.testng.SuiteRunnerWorker.runSuite(SuiteRunnerWorker.java:53)
at org.testng.SuiteRunnerWorker.run(SuiteRunnerWorker.java:96)
at org.testng.TestNG.runSuitesSequentially(TestNG.java:1212)
at org.testng.TestNG.runSuitesLocally(TestNG.java:1134)
at org.testng.TestNG.runSuites(TestNG.java:1063)
at org.testng.TestNG.run(TestNG.java:1031)
at org.testng.remote.AbstractRemoteTestNG.run(AbstractRemoteTestNG.java:115)
at org.testng.remote.RemoteTestNG.initAndRun(RemoteTestNG.java:293)
at org.testng.remote.RemoteTestNG.main(RemoteTestNG.java:91)
]]>
    </failure>
  </testcase> <!-- testCoreWebVitals -->
  <testcase classname="tv9_digital_project.tv9HomePage_test" name="testHomePage" time="0.015"/>
  <testcase classname="tv9_digital_project.tv9HomePage_test" name="testWebStory" time="3.403"/>
  <testcase classname="tv9_digital_project.tv9HomePage_test" name="testState" time="3.231"/>
  <testcase classname="tv9_digital_project.tv9HomePage_test" name="testNotifications" time="0.722"/>
  <testcase classname="tv9_digital_project.tv9HomePage_test" name="testCountry" time="2.991"/>
  <testcase classname="tv9_digital_project.tv9HomePage_test" name="testAutomateLiveTv" time="3.164"/>
  <testcase classname="tv9_digital_project.tv9HomePage_test" name="testElections2024" time="4.18"/>
  <testcase classname="tv9_digital_project.tv9HomePage_test" name="testHindiLanguage" time="10.732"/>
  <testcase classname="tv9_digital_project.tv9HomePage_test" name="testReligion" time="2.309"/>
  <testcase classname="tv9_digital_project.tv9HomePage_test" name="testTechnology" time="2.489"/>
  <testcase classname="tv9_digital_project.tv9HomePage_test" name="testActiveVideo" time="3.348"/>
  <testcase classname="tv9_digital_project.tv9HomePage_test" name="testEducation" time="2.561"/>
  <testcase classname="tv9_digital_project.tv9HomePage_test" name="testHamburgerMenu" time="0.601"/>
  <testcase classname="tv9_digital_project.tv9HomePage_test" name="testCloseHamburgerMenu" time="11.147"/>
  <testcase classname="tv9_digital_project.tv9HomePage_test" name="testHealth" time="3.254"/>
  <testcase classname="tv9_digital_project.tv9HomePage_test" name="testKnowledge" time="2.0"/>
  <testcase classname="tv9_digital_project.tv9HomePage_test" name="testSports" time="4.398"/>
  <testcase classname="tv9_digital_project.tv9HomePage_test" name="testSportsLogo" time="10.532"/>
  <testcase classname="tv9_digital_project.tv9HomePage_test" name="testBusiness" time="3.209"/>
  <testcase classname="tv9_digital_project.tv9HomePage_test" name="testWorld" time="2.432"/>
  <testcase classname="tv9_digital_project.tv9HomePage_test" name="testIsPageUsingHttps" time="0.013"/>
  <testcase classname="tv9_digital_project.tv9HomePage_test" name="testViewMore" time="2.881"/>
</testsuite> <!-- Default test -->
