<?xml version="1.0" encoding="UTF-8"?>
<!-- Generated by org.testng.reporters.JUnitXMLReporter -->
<testsuite ignored="0" hostname="Kiran-Tech" failures="0" tests="20" name="Default test" time="118.952" errors="0" timestamp="2024-10-29T16:23:55 IST">
  <testcase classname="tv9_digital_project.tv9HomePage_test" name="testHomePage" time="0.017"/>
  <testcase classname="tv9_digital_project.tv9HomePage_test" name="testBusiness" time="1.91"/>
  <testcase classname="tv9_digital_project.tv9HomePage_test" name="testWebStory" time="2.449"/>
  <testcase classname="tv9_digital_project.tv9HomePage_test" name="testCountry" time="1.883"/>
  <testcase classname="tv9_digital_project.tv9HomePage_test" name="testState" time="3.033"/>
  <testcase classname="tv9_digital_project.tv9HomePage_test" name="testNotifications" time="0.576"/>
  <testcase classname="tv9_digital_project.tv9HomePage_test" name="testAutomateLiveTv" time="2.041"/>
  <testcase classname="tv9_digital_project.tv9HomePage_test" name="testElections2024" time="1.812"/>
  <testcase classname="tv9_digital_project.tv9HomePage_test" name="testHindiLanguage" time="15.8"/>
  <testcase classname="tv9_digital_project.tv9HomePage_test" name="testTechnology" time="2.915"/>
  <testcase classname="tv9_digital_project.tv9HomePage_test" name="testWorld" time="1.909"/>
  <testcase classname="tv9_digital_project.tv9HomePage_test" name="testReligion" time="1.754"/>
  <testcase classname="tv9_digital_project.tv9HomePage_test" name="testActiveVideo" time="0.901"/>
  <testcase classname="tv9_digital_project.tv9HomePage_test" name="testEducation" time="1.863"/>
  <testcase classname="tv9_digital_project.tv9HomePage_test" name="testHamburgerMenu" time="0.36"/>
  <testcase classname="tv9_digital_project.tv9HomePage_test" name="testCloseHamburgerMenu" time="15.807"/>
  <testcase classname="tv9_digital_project.tv9HomePage_test" name="testHealth" time="2.563"/>
  <testcase classname="tv9_digital_project.tv9HomePage_test" name="testKnowledge" time="1.307"/>
  <testcase classname="tv9_digital_project.tv9HomePage_test" name="testSports" time="4.048"/>
  <testcase classname="tv9_digital_project.tv9HomePage_test" name="testSportsLogo" time="15.649"/>
</testsuite> <!-- Default test -->
